Build target 'Target1'
assembling boot_handlers.s...
assembling boot_vectors.s...
compiling main.c...
compiling app.c...
compiling app_batt.c...
compiling app_dis.c...
compiling app_fcc0.c...
compiling app_fee0.c...
compiling app_oads.c...
compiling app_sec.c...
compiling app_task.c...
compiling app_adv.c...
compiling app_scan.c...
compiling app_init.c...
compiling app_mesh_adv.c...
compiling mesh_sec.c...
compiling rwbt.c...
compiling rwble.c...
compiling rwip.c...
compiling nvds.c...
compiling prf_utils.c...
compiling prf.c...
compiling flash.c...
compiling rf_xvr.c...
compiling gpio.c...
compiling spi.c...
compiling icu.c...
compiling wdt.c...
compiling adc.c...
compiling uart2.c...
compiling uart.c...
compiling aon_rtc.c...
compiling intc.c...
compiling i2c.c...
compiling dma.c...
compiling pwm.c...
compiling timer0.c...
compiling diss.c...
compiling diss_task.c...
compiling fee0s.c...
compiling fee0s_task.c...
compiling bass.c...
compiling bass_task.c...
compiling fcc0s.c...
compiling fcc0s_task.c...
compiling oads.c...
compiling oads_task.c...
compiling sdp_service_task.c...
compiling sdp_service.c...
linking...
..\..\src\system\all_roles_app_link_1.txt(61): warning: L6314W: No section matches pattern *(ke_heap).Program Size: Code=45184 RO-data=3756 RW-data=208 ZI-data=38760  
Finished: 0 information, 1 warning and 0 error messages.
After Build - User command #1: fromelf --bin --output .\output\app\bk3633_app.bin .\obj\bk3633_app.axf
After Build - User command #2: .\output\translate.bat

E:\work\BK3633\code\internal\BK3633_BLE\SDK\projects\app_gatt_all_roles>.\output\BinConvert  -oad .\output\boot\bk3633_boot.bin  .\output\stack\bk3633_stack.bin  .\output\app\bk3633_app.bin -m 0x1f00 -l 0x2c400 -v 0x00029 -rom_v 0x0017 -e 00000000 00000000 00000000 00000000 
cmd_bin_oad.stack_file_addr :0x1f00
binary version hex:0x29; dec:41

Arm Image Binary will be converted to OAD format binary file.....
cmd_bin_oad.stack_file_addr=1f00
boot_bin_len=1a88
add stack bin start
        Encrypt Seccessfully!
        File Size: 0x3bcea

oad_stack_app_bin_len=39d00
oad_app_bin_len=cdb0
75 a3 27 79 29 00 6c 33 42 42 42 42 ff ff 17 00 /**< @CREATE_FILE_SUCCESS */
/**< @Download flash file:.\output\app\bk3633_app_merge_crc.bin
/**< @OAD file :.\output\app\bk3633_app_stack_oad.bin,CRC = 0x0548973a
/**< @OAD file :.\output\app\bk3633_app_oad.bin,CRC = 0x7927a375
/**< @author <gang.cheng@bekencorp.com> */
/**< @version v0.3 */
".\obj\bk3633_app.axf" - 0 Error(s), 1 Warning(s).
