Build target 'Target1'
assembling boot_handlers.s...
assembling boot_vectors.s...
compiling main.c...
compiling app.c...
compiling app_ancsc.c...
compiling app_batt.c...
compiling app_dis.c...
compiling app_fcc0.c...
compiling app_fee0.c...
compiling app_oads.c...
compiling app_sec.c...
compiling app_task.c...
app\src\app_task.c(256): warning:  #177-D: variable "len" was declared but never referenced                  nvds_tag_len_t len;
app\src\app_task.c: 1 warning, 0 errors
compiling app_key.c...
compiling rwbt.c...
compiling rwble.c...
compiling rwip.c...
compiling nvds.c...
compiling prf_utils.c...
compiling prf.c...
compiling flash.c...
compiling rf_xvr.c...
compiling gpio.c...
compiling spi.c...
compiling icu.c...
compiling wdt.c...
compiling adc.c...
compiling uart2.c...
compiling uart.c...
compiling aon_rtc.c...
compiling intc.c...
compiling i2c.c...
compiling dma.c...
compiling diss.c...
compiling diss_task.c...
compiling fee0s.c...
compiling fee0s_task.c...
compiling bass.c...
compiling bass_task.c...
compiling fcc0s.c...
compiling fcc0s_task.c...
compiling ancsc.c...
compiling ancsc_task.c...
compiling oads.c...
compiling oads_task.c...
compiling w25x40c.c...
compiling lcd360.c...
linking...
Program Size: Code=46876 RO-data=4012 RW-data=3872 ZI-data=24396  
After Build - User command #1: fromelf --bin --output .\output\app\bk3633_app.bin .\obj\bk3633_app.axf
After Build - User command #2: .\output\translate.bat

E:\work\BK3633\code\internal\BK3633_BLE\SDK\projects\app_ancs>.\output\BinConvert  -oad .\output\boot\bk3633_boot.bin  .\output\stack\bk3633_stack.bin  .\output\app\bk3633_app.bin -m 0x1F00 -l 0x25b00 -v 0x00029 -rom_v 0x0017 -e 00000000 00000000 00000000 00000000 
cmd_bin_oad.stack_file_addr :0x1f00
binary version hex:0x29; dec:41

Arm Image Binary will be converted to OAD format binary file.....
cmd_bin_oad.stack_file_addr=1f00
boot_bin_len=1a88
add stack bin start
        Encrypt Seccessfully!
        File Size: 0x35530

oad_stack_app_bin_len=33500
oad_app_bin_len=d540
c0 04 38 24 29 00 50 35 42 42 42 42 ff ff 17 00 /**< @CREATE_FILE_SUCCESS */
/**< @Download flash file:.\output\app\bk3633_app_merge_crc.bin
/**< @OAD file :.\output\app\bk3633_app_stack_oad.bin,CRC = 0x1aa129ae
/**< @OAD file :.\output\app\bk3633_app_oad.bin,CRC = 0x243804c0
/**< @author <gang.cheng@bekencorp.com> */
/**< @version v0.3 */
".\obj\bk3633_app.axf" - 0 Error(s), 1 Warning(s).
