Build target 'BK3435_bim'
compiling bim_app.c...
app\bim_app.c(442): warning:  #223-D: function "arm9_enable_alignfault" declared implicitly      arm9_enable_alignfault();
app\bim_app.c: 1 warning, 0 errors
compiling bim_intc.c...
compiling bim_updataImage.c...
assembling bim_vectors.s...
assembling bim_handlers.s...
compiling bim_flash.c...
compiling bim_gpio.c...
compiling bim_icu.c...
compiling bim_wdt.c...
compiling rf_xvr.c...
compiling bim_adc.c...
compiling bim_uart2.c...
compiling driver_usb.c...
compiling usb.c...
compiling usb_desc.c...
compiling usbclass.c...
linking...
Program Size: Code=11612 RO-data=316 RW-data=88 ZI-data=40872  
After Build - User command #1: fromelf --bin --output .\output\bk3633_boot.bin .\obj\bk3633_boot.axf
After Build - User command #2: .\output\encrypt_bim.bat

E:\work\BK3633\code\internal\BK3633_BLE\SDK\projects\boot_usb_central>.\output\encrypt.exe .\output\bk3633_boot.bin 00000000 
/**< @author <luoyao@bekencorp.com> */
/**< @version v0.2 */
 Encrypt Seccessfully!
 -FileSize: 0x31f0

E:\work\BK3633\code\internal\BK3633_BLE\SDK\projects\boot_usb_central>copy .\output\bk3633_boot.bin ..\app_gatt_central\output\boot 
已复制         1 个文件。
".\obj\bk3633_boot.axf" - 0 Error(s), 1 Warning(s).
