18
f0
9f
e5
18
f0
9f
e5
18
f0
9f
e5
18
f0
9f
e5
18
f0
9f
e5
18
f0
9f
e5
18
f0
9f
e5
18
f0
9f
e5
9d
64
68
01
00
00
40
00
00
00
70
00
00
00
74
00
00
00
78
00
00
00
c8
00
00
00
a8
00
00
00
c4
00
00
00
52
b2
00
10
2d
e9
80
c0
9f
e5
ff
0f
ac
e8
08
00
1d
e5
04
00
8c
e4
04
d0
8d
e2
04
d0
8c
e4
0e
00
a0
e1
85
6e
04
00
8c
e4
0f
00
a0
e1
04
00
8c
e4
95
03
00
ea
b2
a2
00
ea
74
02
00
ea
00
10
2d
e9
48
c0
9f
e5
f2
97
ff
0f
ac
e8
08
00
1d
e5
04
00
8c
e4
04
d0
8d
e2
04
d0
8c
e4
0e
00
a0
e1
04
00
8c
e4
0f
00
a0
e1
8f
64
04
00
8c
e4
88
01
00
ea
03
00
2d
e9
01
05
a0
e3
00
10
90
e5
01
00
51
e3
03
00
bd
e8
58
02
00
0a
b5
0b
96
a2
00
ea
8d
a2
00
ea
6e
02
00
ea
04
00
40
00
00
00
00
00
00
00
00
00
00
00
00
00
00
00
00
00
b6
6a
00
00
00
00
00
00
00
00
00
00
00
00
00
00
00
00
00
00
00
00
00
00
00
00
00
00
00
00
00
00
00
00
80
29
42
4b
33
36
33
33
10
00
00
00
00
00
00
00
00
00
00
00
00
00
00
00
00
00
00
00
00
00
00
00
00
00
91
d1
00
00
00
00
00
00
00
00
00
00
00
00
00
00
00
00
00
00
00
00
00
00
00
00
00
00
00
00
00
00
00
00
80
29
78
00
40
00
b8
16
00
00
2c
b7
40
00
00
02
00
00
1c
bc
40
00
f0
01
00
00
2c
b9
40
00
f0
02
00
00
88
16
0c
be
40
00
f0
01
00
00
df
00
a0
e3
00
f0
21
e1
30
00
1f
e5
30
10
1f
e5
00
30
81
e0
00
40
a0
e1
87
e5
03
d0
a0
e1
94
21
9f
e5
03
00
54
e1
04
20
84
34
fc
ff
ff
3a
d7
00
a0
e3
00
f0
21
e1
5c
00
1f
e5
8a
32
5c
10
1f
e5
00
30
81
e0
00
40
a0
e1
03
d0
a0
e1
68
21
9f
e5
03
00
54
e1
04
20
84
34
fc
ff
ff
3a
3d
0e
db
00
a0
e3
00
f0
21
e1
88
00
1f
e5
88
10
1f
e5
00
30
81
e0
00
40
a0
e1
03
d0
a0
e1
3c
21
9f
e5
2d
bb
03
00
54
e1
04
20
84
34
fc
ff
ff
3a
d2
00
a0
e3
00
f0
21
e1
ac
00
1f
e5
ac
10
1f
e5
00
30
81
e0
dc
9c
00
40
a0
e1
03
d0
a0
e1
14
21
9f
e5
03
00
54
e1
04
20
84
34
fc
ff
ff
3a
d1
00
a0
e3
00
f0
21
e1
85
6b
c8
00
1f
e5
c8
10
1f
e5
00
30
81
e0
00
40
a0
e1
03
d0
a0
e1
ec
20
9f
e5
03
00
54
e1
04
20
84
34
36
f7
fc
ff
ff
3a
00
80
a0
e3
00
90
a0
e3
00
a0
a0
e3
00
b0
a0
e3
00
c0
a0
e3
d3
00
a0
e3
00
f0
21
e1
21
a8
10
01
1f
e5
10
11
1f
e5
00
30
81
e0
00
40
a0
e1
03
d0
a0
e1
b0
20
9f
e5
03
00
54
e1
04
20
84
34
5f
2a
fc
ff
ff
3a
0e
00
00
eb
17
00
00
eb
00
00
a0
e3
00
10
a0
e3
00
20
a0
e3
00
30
a0
e3
00
40
a0
e3
19
a9
00
50
a0
e3
00
60
a0
e3
00
70
a0
e3
00
80
a0
e3
00
90
a0
e3
00
a0
a0
e3
00
b0
a0
e3
00
c0
a0
e3
cf
ad
e2
04
00
ea
64
00
9f
e5
64
10
9f
e5
64
20
9f
e5
01
30
a0
e1
02
30
83
e0
03
00
51
e1
04
40
90
34
1d
f6
04
40
81
34
fb
ff
ff
3a
1e
ff
2f
e1
48
00
9f
e5
48
10
9f
e5
00
30
81
e0
00
40
a0
e1
00
20
a0
e3
1b
9c
03
00
54
e1
04
20
84
34
fc
ff
ff
3a
1e
ff
2f
e1
10
0f
11
ee
02
00
80
e3
10
0f
01
ee
1e
ff
2f
e1
6c
12
aa
aa
aa
aa
cc
cc
cc
cc
dd
dd
dd
dd
bb
bb
bb
bb
68
2e
00
00
20
00
40
00
58
00
00
00
78
00
40
00
39
b3
b8
16
00
00
0b
00
01
00
00
20
20
22
30
b5
01
24
09
e0
0d
00
d5
40
9d
42
05
d3
1d
00
95
40
49
1b
6b
0c
25
00
95
40
40
19
15
00
52
1e
00
2d
f1
dc
30
bd
03
00
0b
43
9b
07
03
d0
09
e0
08
c9
12
1f
08
c0
07
b8
04
2a
fa
d2
03
e0
0b
78
03
70
40
1c
49
1c
52
1e
f9
d2
70
47
12
06
12
0e
01
e0
02
70
40
1c
49
1e
c6
34
fb
d2
70
47
00
22
f5
e7
13
00
0a
00
10
b5
04
00
19
00
ff
f7
ef
ff
20
00
10
bd
03
21
00
1d
40
1e
4c
37
03
78
12
02
1a
43
49
1e
f9
d5
10
00
70
47
03
00
03
22
08
70
00
0a
49
1c
52
1e
fa
d5
18
00
70
47
78
ca
f0
b5
1f
b4
88
b0
00
24
0b
99
09
98
a6
46
48
40
09
99
c0
0f
49
00
49
08
09
91
0b
99
c0
07
49
00
ee
cc
49
08
00
90
0b
91
09
99
08
98
08
43
1c
d0
0b
99
0a
98
08
43
18
d0
09
98
01
24
40
00
42
0d
48
00
42
c2
41
0d
09
98
24
05
00
03
00
0b
20
43
09
90
0b
98
00
03
00
0b
20
43
0b
90
50
18
1c
49
00
22
40
18
f6
81
14
00
01
90
10
00
05
e0
00
20
01
00
0d
b0
f0
bd
03
28
01
da
03
00
00
e0
03
23
c1
1a
9c
46
0a
ae
d3
d8
0a
e0
5f
00
08
ad
ed
5b
4f
00
f7
5b
7d
43
00
27
aa
18
7c
41
49
1c
5b
1e
61
45
f2
dd
41
00
04
ab
27
89
5a
52
21
04
12
0c
0a
43
24
0c
40
1c
08
28
df
db
01
98
00
99
02
90
70
46
01
91
00
90
05
9b
04
9a
68
0b
07
99
06
98
00
f0
65
f8
d0
e7
00
00
0d
fc
ff
ff
4b
00
5b
08
70
b5
03
43
0b
d0
4b
00
5c
0d
00
26
9d
68
33
00
65
42
b3
41
d4
17
ad
1a
a3
41
02
db
00
20
01
00
70
bd
12
05
30
18
51
41
70
bd
0e
b5
05
49
cf
d4
02
91
00
21
0a
00
0b
00
00
91
01
91
00
f0
41
f8
03
b0
00
bd
33
04
00
00
4a
00
09
03
01
23
09
0b
8e
94
1b
05
19
43
09
4b
52
0d
9a
42
10
b5
01
da
00
20
10
bd
06
4b
34
33
9a
42
03
dc
9a
1a
00
f0
0a
f8
fc
22
10
bd
03
49
51
18
88
40
10
bd
00
00
ff
03
00
00
cd
fb
ff
ff
20
2a
10
b5
04
db
08
00
20
3a
d0
40
de
63
00
21
10
bd
0b
00
d3
40
d0
40
20
24
a2
1a
91
40
08
43
19
00
10
bd
00
00
00
2b
10
b5
08
da
00
24
af
a7
40
1c
61
41
92
18
5b
41
1a
43
01
d1
40
08
40
00
10
bd
f0
b5
05
00
1f
b4
82
b0
0c
00
03
d0
08
00
90
16
00
f0
d6
ec
02
e0
00
f0
d4
ec
20
30
02
00
00
90
21
00
28
00
00
f0
3f
f8
04
9b
05
9a
04
00
0f
00
03
46
18
43
11
43
08
43
14
d0
18
00
10
43
1b
d0
00
98
40
21
0a
1a
05
99
18
00
ff
f7
bc
ff
05
00
0e
00
e4
99
00
9a
05
99
04
98
00
f0
26
f8
08
43
05
d0
01
20
04
e0
20
00
39
00
07
b0
f0
bd
00
20
c1
17
05
43
4a
0c
0e
43
2c
43
37
43
00
99
0e
98
63
05
40
1a
79
05
e4
0a
00
22
0c
43
fd
0a
0a
30
02
d5
00
20
01
00
b6
44
e9
e7
01
05
10
19
0c
9c
69
41
0d
9d
00
19
69
41
ff
f7
a2
ff
df
e7
20
2a
10
b5
04
db
01
00
20
3a
cf
4f
91
40
00
20
10
bd
91
40
20
23
9c
1a
03
00
e3
40
19
43
90
40
10
bd
00
00
03
28
01
dd
00
20
70
47
98
91
18
21
48
43
01
49
08
58
70
47
00
00
d0
16
40
00
03
28
01
dd
00
20
70
47
18
21
48
43
01
49
40
18
96
42
40
69
70
47
d0
16
40
00
03
28
01
dd
00
20
70
47
18
21
48
43
01
49
40
18
80
68
70
47
d0
16
40
00
68
ad
03
28
01
dd
00
20
70
47
18
21
48
43
01
49
40
18
00
69
70
47
d0
16
40
00
03
28
04
dc
18
22
50
43
b2
ca
01
4a
80
18
41
61
70
47
d0
16
40
00
10
b5
06
4c
a0
73
08
23
63
74
00
f0
fb
f8
01
20
60
74
a0
7c
31
81
20
21
08
43
a0
74
10
bd
00
40
80
00
01
c0
8f
e2
1c
ff
2f
e1
10
b5
02
f0
49
f8
04
a0
01
f0
5c
f8
23
13
ff
20
01
30
02
f0
28
fa
10
bd
00
00
44
61
74
61
41
62
6f
72
74
5f
45
78
63
65
70
74
69
6f
6e
0d
af
92
0a
00
00
00
01
b5
00
98
41
1e
00
91
fb
d2
08
bd
0c
b5
00
22
07
49
13
00
01
92
08
e0
00
92
00
9b
60
1d
5b
1c
8b
42
00
93
fa
db
01
9b
5b
1c
01
93
83
42
f4
db
0c
bd
b8
0b
00
00
0c
b5
00
22
11
00
01
92
7c
41
08
e0
00
92
00
99
49
1c
0a
29
00
91
fa
db
01
99
49
1c
01
91
81
42
f4
db
0c
bd
00
00
0a
00
01
00
72
f3
10
b5
03
48
ff
f7
04
fe
02
49
01
20
c8
70
10
bd
88
01
40
00
20
00
40
00
00
78
c0
06
c0
0e
70
47
1c
c1
00
78
40
06
80
0f
70
47
01
48
00
21
81
70
70
47
54
00
40
00
70
b5
0d
00
04
00
ff
f7
ed
ff
03
28
44
73
07
d2
00
28
05
d0
05
21
01
28
06
d0
02
28
03
d1
a9
73
00
20
00
f0
06
f9
70
bd
20
79
00
28
f7
d1
e1
4a
60
78
0a
28
f4
d1
00
20
a9
73
00
f0
03
f9
70
bd
10
b5
02
00
ff
f7
d4
ff
00
28
07
d0
01
28
09
d0
4b
9c
02
28
02
d3
00
20
00
f0
ed
f8
10
bd
10
00
00
f0
05
f8
10
bd
10
00
ff
f7
cd
ff
10
bd
42
78
02
4b
db
4b
92
00
9a
58
10
47
00
00
70
2d
00
00
10
b5
00
f0
01
fb
02
00
ff
f7
b8
ff
10
00
ff
f7
ce
fd
c0
79
79
fc
03
49
48
70
03
48
60
21
ff
f7
bc
fd
10
bd
00
00
54
00
40
00
d0
16
40
00
f0
b5
1c
4b
85
b0
01
91
20
87
0a
00
05
00
98
73
00
f0
65
f8
07
00
90
07
01
d0
00
20
00
e0
b8
08
03
90
a8
00
20
30
13
49
00
06
e2
55
00
24
00
0e
26
00
40
18
00
90
0a
e0
00
98
00
68
04
22
02
90
01
98
02
a9
00
19
ff
f7
79
fd
24
1d
77
c8
76
1c
03
98
86
42
f1
d3
08
48
bc
42
05
d2
00
99
0a
78
01
99
0a
55
64
1c
f7
e7
00
21
00
2d
01
d0
b7
ee
01
75
00
e0
41
74
38
00
05
b0
f0
bd
00
40
80
00
f7
b5
8a
07
82
b0
01
d0
00
22
01
e0
04
9a
92
10
88
46
80
00
20
30
0e
00
0e
49
00
06
00
24
00
0e
25
00
47
18
01
92
08
e0
31
19
04
22
68
46
ff
f7
48
fd
ca
ac
00
98
38
60
24
1d
6d
1c
01
98
85
42
f3
d3
02
e0
30
5d
38
70
64
1c
04
98
84
42
f9
d3
05
b0
f0
bd
52
69
00
40
80
00
02
48
41
7c
80
7c
00
02
08
43
70
47
00
40
80
00
02
48
81
7d
c0
7d
00
02
08
43
70
47
24
16
00
40
80
00
02
48
01
79
40
79
00
02
08
43
70
47
00
40
80
00
02
48
81
78
c0
78
00
02
08
43
70
47
b9
5b
00
40
80
00
f3
b5
c8
7b
0c
00
81
b0
c1
07
1c
d0
61
7a
22
7a
0e
02
16
43
0f
d0
20
00
ff
f7
2d
fd
aa
f6
61
7b
22
7b
07
00
0d
02
15
43
ae
42
0e
d2
00
21
21
72
35
00
61
72
03
21
0d
e0
01
21
48
40
e0
73
01
99
01
98
00
f0
27
f8
03
20
a0
73
fe
bd
71
1b
21
72
09
0a
61
72
01
21
a1
73
78
19
21
00
ff
f7
17
fd
67
a0
01
98
2a
00
39
00
ff
f7
83
ff
60
7a
22
7a
01
02
03
48
11
43
01
d0
02
21
00
e0
0a
21
41
74
fe
bd
da
2b
00
40
80
00
02
49
88
73
20
20
48
74
70
47
00
00
00
40
80
00
03
49
88
73
01
20
88
74
0a
20
48
74
fe
99
70
47
00
00
00
40
80
00
02
49
40
06
40
0e
08
70
70
47
00
00
00
40
80
00
02
49
48
72
00
0a
88
72
52
b1
70
47
00
00
00
40
80
00
02
49
c8
71
00
0a
08
72
70
47
00
00
00
40
80
00
01
49
88
73
70
47
00
00
4e
d7
00
40
80
00
3f
50
2d
e9
02
55
a0
e3
48
40
95
e5
02
08
14
e3
00
01
00
1b
01
0c
14
e3
53
02
00
1b
bc
13
48
40
85
e5
3f
50
bd
e8
04
f0
5e
e2
01
c0
8f
e2
1c
ff
2f
e1
10
b5
01
f0
89
fe
04
a0
00
f0
9c
fe
dd
48
ff
20
01
30
02
f0
68
f8
10
bd
00
00
50
72
65
66
65
74
63
68
41
62
6f
72
74
5f
45
78
63
65
70
74
d5
4f
69
6f
6e
0d
0a
00
00
00
01
c0
8f
e2
1c
ff
2f
e1
10
b5
01
f0
6b
fe
04
a0
00
f0
7e
fe
ff
20
01
30
61
3a
02
f0
4a
f8
10
bd
00
00
52
65
73
65
72
76
65
64
5f
45
78
63
65
70
74
69
6f
6e
0d
0a
00
00
00
00
06
21
70
b5
04
00
0b
48
ce
88
40
78
1d
00
21
00
20
73
00
0a
60
73
10
00
ff
f7
7a
fc
b5
42
02
d9
30
0a
e4
85
26
72
01
e0
28
0a
25
72
60
72
e0
7b
01
21
08
43
e0
73
70
bd
54
00
40
00
10
b5
0c
00
01
78
c9
06
e7
81
c9
0e
04
d0
01
29
1f
d0
02
29
1d
d1
0a
e0
c2
78
83
78
10
49
10
02
18
43
01
28
15
d1
08
78
fd
22
56
d3
10
40
10
e0
41
79
02
79
83
78
09
02
11
43
09
4a
09
07
c9
0e
92
1d
89
18
c2
78
10
02
18
43
03
d1
4f
b1
08
78
40
08
40
00
08
70
00
20
ff
f7
43
ff
05
20
a0
73
10
bd
58
00
40
00
10
b5
0c
00
01
00
06
4a
0b
43
01
23
20
00
ff
f7
ac
ff
01
20
a0
73
21
00
00
20
ff
f7
e8
fe
10
bd
00
00
54
00
40
00
fe
b5
04
00
44
aa
00
78
0d
00
c6
06
f6
0e
00
f0
40
f9
05
27
02
2e
00
90
5a
d2
01
2e
07
d0
e0
78
01
28
2a
d0
02
28
8c
15
30
d0
03
28
51
d1
46
e0
26
79
00
2e
4d
d1
e0
78
21
28
02
d0
22
28
48
d1
0e
e0
00
98
00
1d
ff
f7
eb
94
fc
fb
01
90
00
98
ff
f7
f8
fb
01
99
32
00
00
f0
4d
fb
06
00
09
23
20
e0
30
00
00
f0
1f
f9
ff
f7
30
b7
ec
fb
06
00
20
79
00
f0
19
f9
00
1d
ff
f7
e5
fb
03
00
14
e0
00
f0
0e
f9
ff
f7
df
fb
06
00
00
f0
a4
41
09
f9
06
e0
00
f0
02
f9
ff
f7
d7
fb
06
00
00
f0
fd
f8
00
1d
ff
f7
d1
fb
03
00
00
2e
15
d0
32
00
1c
36
21
00
28
00
ff
f7
4c
ff
01
20
a8
73
29
00
00
20
ff
f7
88
fe
fe
bd
a0
78
00
f0
f8
f8
ff
f7
bd
fb
14
3b
06
00
a0
78
00
f0
f2
f8
e3
e7
00
20
ff
f7
ba
fe
af
73
fe
bd
10
b5
0c
00
81
88
00
29
05
d0
00
20
15
5d
ff
f7
b0
fe
05
20
a0
73
10
bd
01
00
05
4a
01
23
20
00
ff
f7
25
ff
01
20
a0
73
21
00
00
20
ff
f7
ed
e4
61
fe
10
bd
56
00
40
00
10
b5
0c
00
01
78
c9
06
c9
0e
04
d0
01
29
04
d0
02
29
1c
d1
04
e0
11
4a
bb
99
0b
e0
10
4a
92
1c
08
e0
42
79
03
79
11
02
0d
4a
19
43
09
07
c9
0e
92
1d
8a
18
00
2a
0b
d0
01
00
c0
b9
02
23
20
00
ff
f7
fc
fe
01
20
a0
73
21
00
00
20
ff
f7
38
fe
10
bd
05
20
a0
73
00
20
ff
f7
72
fe
f9
28
10
bd
00
00
58
00
40
00
10
b5
0c
00
00
20
ff
f7
69
fe
05
20
a0
73
10
bd
1c
b5
0c
00
01
00
08
22
05
f7
68
46
ff
f7
35
fb
00
20
ff
f7
64
fe
06
48
ff
f7
f9
fc
68
46
40
88
ff
f7
67
fe
05
20
03
49
a0
73
db
aa
04
20
08
70
1c
bd
00
00
10
27
00
00
6d
00
40
00
f8
b5
80
78
10
4a
11
4e
05
24
01
28
07
d0
00
20
8b
10
10
70
8c
73
ff
f7
46
fe
04
20
30
70
f8
bd
10
70
00
20
8c
73
ff
f7
3e
fe
00
f0
58
f8
05
00
00
1d
3c
e6
ff
f7
2b
fb
07
00
28
00
ff
f7
27
fb
39
00
00
f0
a3
f9
34
70
f8
bd
00
00
54
00
40
00
6d
00
40
00
69
8e
10
b5
0c
00
01
78
c9
06
c9
0e
04
d0
01
29
1e
d0
02
29
1c
d1
09
e0
c2
78
83
78
10
49
10
02
18
43
72
6a
01
28
14
d1
08
78
02
22
0f
e0
41
79
02
79
83
78
09
02
11
43
09
4a
09
07
c9
0e
92
1d
89
18
c2
78
51
15
10
02
18
43
03
d1
08
78
01
22
10
43
08
70
00
20
ff
f7
00
fe
05
20
a0
73
10
bd
00
00
58
00
40
00
23
aa
10
b5
0c
00
81
78
00
79
00
28
05
d0
00
20
ff
f7
e9
fd
05
20
a0
73
10
bd
03
48
01
70
04
20
a0
73
68
f8
00
20
ff
f7
e7
fd
10
bd
56
00
40
00
00
48
70
47
2d
2e
00
00
00
48
70
47
25
2e
00
00
10
b5
02
49
0e
68
01
22
00
f0
6d
f8
10
bd
35
2e
00
00
10
b5
02
49
03
22
00
f0
65
f8
10
bd
41
2e
00
00
01
c0
8f
e2
d6
d6
1c
ff
2f
e1
70
b5
08
4c
a2
79
a5
7b
ff
f7
72
fd
03
04
1b
0c
ff
f7
66
fd
00
04
00
0c
19
00
00
f0
92
e4
05
f8
a5
73
70
bd
00
00
00
40
80
00
f7
b5
16
00
0f
00
c8
07
02
d0
00
f0
c9
f9
fe
bd
01
25
01
24
0f
ac
ac
40
3c
42
02
d0
28
00
00
f0
aa
f9
00
98
04
42
02
d0
28
00
00
f0
8a
f9
6d
1c
10
2d
ef
db
00
2e
ed
1e
eb
d0
07
48
b2
07
00
21
00
2a
02
da
41
70
01
22
c2
73
72
07
e1
d5
01
70
02
48
01
70
fe
bd
00
00
dd
a0
00
40
80
00
54
00
40
00
01
c0
8f
e2
1c
ff
2f
e1
10
b5
01
f0
4b
fc
04
a0
00
f0
5e
fc
ff
20
01
30
fa
f2
01
f0
2a
fe
10
bd
00
00
55
6e
64
65
66
69
6e
65
64
5f
45
78
63
65
70
74
69
6f
6e
0d
0a
00
00
00
bf
a8
f8
b5
16
00
07
00
0d
00
00
24
0c
e0
0c
20
60
43
40
19
ff
f7
52
fa
b8
42
04
d1
0c
20
44
43
60
19
c5
00
00
1d
f8
bd
64
1c
b4
42
f0
db
00
20
f8
bd
00
00
10
0f
6f
e1
1e
ff
2f
e1
00
00
0f
e1
40
10
80
e3
ad
11
01
f0
21
e1
40
00
00
e2
1e
ff
2f
e1
00
00
0f
e1
80
10
80
e3
01
f0
21
e1
80
00
00
e2
1e
ff
2f
e1
af
48
00
00
0f
e1
40
00
c0
e3
00
f0
21
e1
1e
ff
2f
e1
00
00
0f
e1
80
00
c0
e3
00
f0
21
e1
1e
ff
2f
e1
65
5c
01
c0
5e
e5
0c
00
53
e1
0c
30
de
27
03
30
de
37
83
c0
8e
e0
1c
ff
2f
e1
00
28
10
b5
23
d0
12
4b
0d
6b
00
22
19
68
00
1f
03
e0
81
42
03
d8
0a
00
49
68
00
29
f9
d1
00
2a
0a
d0
13
68
84
1a
9c
42
04
d1
a7
a9
00
68
18
18
10
60
10
00
02
e0
50
60
00
e0
18
60
00
29
07
d0
02
68
0b
1a
93
42
03
d1
0b
68
d2
18
94
88
02
60
49
68
41
60
10
bd
70
00
40
00
f0
b5
0b
30
c1
08
15
4f
c9
00
00
26
14
4a
0f
e0
03
68
8b
42
11
f3
0b
d3
8b
42
05
d9
45
68
5c
1a
43
18
30
c3
08
3b
00
e0
43
68
13
60
02
c0
04
e0
02
1d
10
68
00
28
95
8c
ec
d1
30
00
00
28
03
d1
38
68
00
28
01
d0
00
20
f0
bd
06
4a
06
48
10
60
06
4a
12
1a
d2
08
d2
00
e4
f7
44
c0
01
20
38
60
d7
e7
74
00
40
00
70
00
40
00
30
37
40
00
2c
77
40
00
f8
b5
0f
00
03
28
10
dc
13
13
18
21
04
00
4c
43
07
4d
00
26
60
19
46
60
28
59
00
28
02
d0
ff
f7
90
ff
2e
51
38
00
ff
f7
b6
ff
4e
a9
28
51
f8
bd
d0
16
40
00
70
b5
0e
00
03
28
0f
dc
18
21
48
43
07
49
00
25
44
18
a0
68
00
28
02
d0
c6
fa
ff
f7
7a
ff
a5
60
30
00
e5
60
ff
f7
9f
ff
a0
60
70
bd
00
00
d0
16
40
00
f3
b5
01
27
00
26
3d
00
cf
81
81
b0
02
99
01
98
3b
00
05
22
00
f0
e4
f8
04
00
68
d0
a0
78
76
1c
00
07
00
0f
ff
f7
9d
fc
a0
78
df
c4
21
79
00
06
60
79
2d
d5
00
02
08
43
c1
08
2e
48
01
74
20
21
81
74
08
21
41
74
e1
78
89
07
89
0f
7f
dc
01
29
03
d1
82
7c
40
21
0a
43
82
74
a1
78
0a
07
07
d5
02
7a
4b
07
5b
0f
29
00
99
40
0a
43
02
72
a3
7f
06
e0
c2
79
49
07
49
0f
2b
00
8b
40
1a
43
c2
71
60
79
22
79
01
02
a0
78
11
43
00
07
00
0f
ff
f7
1d
f8
a3
ff
2d
e0
00
02
08
43
c1
08
17
48
c1
74
00
21
81
74
41
75
e1
78
89
07
89
0f
01
29
03
d1
41
7d
b1
3e
40
22
11
43
41
75
80
21
01
75
a1
78
0a
07
07
d5
82
7a
4b
07
5b
0f
29
00
99
40
0a
43
82
72
06
e0
f3
01
42
7a
49
07
49
0f
2b
00
8b
40
1a
43
42
72
60
79
22
79
01
02
a0
78
11
43
00
07
00
0f
ff
f7
5c
ff
4e
47
7f
1c
8e
e7
30
00
fe
bd
00
40
80
00
70
b5
04
00
0a
48
84
73
41
7d
00
7d
20
00
ff
f7
3d
fa
06
00
f7
a4
01
00
20
00
ff
f7
38
fb
05
00
20
00
ff
f7
40
fa
02
00
02
d0
29
00
30
00
90
47
70
bd
00
40
80
00
d5
fa
70
b5
04
00
08
48
84
73
ff
f7
8c
fb
20
00
ff
f7
3b
fa
05
00
20
00
ff
f7
43
fa
02
00
02
d0
00
21
1c
d2
28
00
90
47
70
bd
00
00
00
40
80
00
00
b5
15
4a
00
20
93
b0
90
73
ff
f7
75
fb
c1
07
14
d0
00
20
c9
2d
69
46
ff
f7
09
fb
02
1e
09
dd
69
46
10
a8
ff
f7
9f
f8
0d
49
10
a8
ff
f7
cb
fa
13
b0
00
bd
0a
49
04
ae
00
20
ff
f7
7f
fb
f8
e7
c3
06
07
48
05
21
00
2b
02
da
80
23
53
74
02
e0
82
7b
01
2a
ef
d0
81
73
f3
e9
eb
e7
00
00
00
40
80
00
c0
16
40
00
30
b5
03
00
1c
00
25
1a
8d
42
0c
da
5d
78
04
2d
05
d1
9d
78
5b
3b
95
42
02
d1
20
78
c0
18
30
bd
23
78
1c
19
23
00
ef
e7
00
20
30
bd
f0
b5
05
00
2c
00
00
26
67
1b
66
96
8f
42
09
da
47
78
97
42
02
d1
76
1c
b3
42
04
d0
20
78
04
19
20
00
f2
e7
00
20
f0
bd
f8
b5
17
4e
a5
04
17
4c
00
25
35
70
22
68
d2
43
92
07
11
d0
22
68
c0
00
40
18
00
1d
02
43
22
60
12
48
80
68
12
4f
95
51
6d
1c
2d
04
2d
0c
bd
42
05
d9
10
a0
00
f0
54
fa
07
e0
00
20
f8
bd
0a
20
ff
f7
1e
fa
30
78
00
28
f3
59
ee
d0
30
78
01
28
03
d1
20
69
80
03
00
0c
70
80
20
68
c0
09
c0
01
20
60
70
88
f8
bd
4c
00
40
00
71
12
00
67
80
00
40
00
80
00
b8
0b
00
00
67
5f
61
64
63
5f
76
61
6c
75
65
5f
74
69
6d
65
6f
75
74
0d
6c
5a
0a
00
00
00
01
22
10
b5
d2
05
d3
68
54
13
a3
43
d3
60
c2
00
0a
48
0a
43
02
43
0a
48
02
60
0a
4a
6d
aa
82
60
03
22
c2
60
09
4a
13
68
c4
13
23
43
13
60
03
29
03
d1
01
68
04
22
11
43
01
60
10
bd
00
00
59
53
80
0b
12
00
00
67
80
00
20
00
01
00
40
00
80
00
01
c0
8f
e2
1c
ff
2f
e1
04
48
01
68
c2
13
11
43
50
7b
01
60
03
49
01
20
08
70
70
47
00
00
00
67
80
00
4c
00
40
00
10
b5
00
f0
cf
f8
16
4c
16
48
e1
89
a7
8c
81
42
02
d0
a1
88
81
42
01
d1
01
20
10
bd
13
4b
a2
68
13
49
9a
42
04
d1
e2
88
82
42
12
d0
c8
6a
1d
b5
06
e0
10
4b
9a
42
0f
d1
e2
88
82
42
0a
d0
48
69
00
f0
d2
fb
21
68
88
42
04
d1
0b
a0
00
f0
cc
f9
60
0e
00
20
10
bd
02
20
10
bd
0b
a0
00
f0
c5
f9
03
20
10
bd
00
00
f0
11
40
00
ff
ff
00
00
42
42
42
42
ee
c8
10
16
40
00
53
53
53
53
62
61
63
6b
75
70
20
63
72
63
20
6f
6b
0d
0a
00
55
4e
4b
4e
4f
57
4e
0d
8a
d1
0a
00
00
00
10
b5
00
f0
c1
f8
0b
4c
0b
4a
a1
68
0b
48
91
42
02
d0
0b
4a
91
42
0b
d1
e1
88
81
42
88
71
06
d0
00
f0
bd
fb
21
68
88
42
01
d1
00
20
10
bd
02
20
10
bd
03
20
10
bd
e0
11
40
00
42
42
42
42
56
c7
ff
ff
00
00
53
53
53
53
70
b5
05
00
08
0b
0c
0c
01
26
00
03
24
04
36
04
a0
42
07
d9
01
1b
20
00
bb
03
00
f0
58
fc
02
e0
04
00
00
f0
84
fc
a0
1b
a8
42
f9
d8
61
1b
28
00
00
f0
4d
fc
70
bd
08
48
10
b5
73
0d
08
4a
81
68
08
48
91
42
02
d1
c1
68
80
68
04
e0
06
4a
91
42
03
d1
41
6a
00
6a
ff
f7
d5
ff
10
bd
1e
19
f0
11
40
00
53
53
53
53
10
16
40
00
42
42
42
42
0a
48
10
b5
0a
4a
81
68
0a
48
91
42
02
d1
c1
69
42
91
80
69
03
e0
08
4a
91
42
03
d1
03
c8
ff
f7
bc
ff
10
bd
06
a0
00
f0
40
f9
10
bd
00
00
f0
11
40
00
f6
47
42
42
42
42
10
16
40
00
53
53
53
53
62
69
6d
5f
65
72
61
73
65
5f
69
6d
61
67
65
5f
73
65
63
3a
14
ce
20
45
52
52
4f
52
2c
20
55
4e
4b
4e
4f
57
4e
20
55
49
44
0d
0a
00
00
00
70
b5
13
4d
13
48
a9
6a
50
e0
10
22
00
f0
75
fc
11
4c
11
a0
a1
68
00
f0
14
f9
15
48
a1
68
81
42
05
d0
10
22
29
69
a0
1a
00
f0
c1
cd
67
fc
0e
e0
09
48
10
38
81
60
21
68
01
60
a1
88
81
80
e1
88
c1
80
21
7b
01
73
61
7b
41
73
e1
89
63
50
c1
81
00
20
70
bd
00
00
10
16
40
00
00
12
40
00
68
64
72
5f
62
61
63
6b
5f
70
61
72
74
2e
75
69
16
41
64
20
3d
20
25
78
0a
00
42
42
42
42
09
48
10
b5
80
68
09
4a
90
42
01
d1
08
49
03
e0
08
4a
90
42
6d
20
00
d1
08
49
03
48
10
22
10
38
00
f0
31
fc
00
20
10
bd
00
00
f0
11
40
00
42
42
42
42
70
b0
02
00
f0
b7
53
53
53
53
b0
50
00
00
70
b5
0c
49
0c
48
10
22
00
f0
1e
fc
0a
4d
0b
4c
a8
68
a0
42
0a
d1
0a
49
3d
c1
10
22
28
00
00
f0
14
fc
08
49
a8
68
88
42
03
d0
a0
42
01
d0
03
20
70
bd
00
20
70
bd
70
b0
02
00
c9
73
e0
11
40
00
42
42
42
42
b0
50
00
00
53
53
53
53
01
c0
8f
e2
1c
ff
2f
e1
f8
b5
32
20
ff
f7
58
f8
74
c5
fe
f7
56
ee
01
22
97
05
11
00
38
00
01
f0
e7
f8
00
f0
e8
ff
01
f0
56
fa
e1
20
40
02
01
f0
de
f8
35
15
36
a0
00
f0
89
f8
ff
f7
6c
ec
ff
f7
72
ec
00
f0
57
fb
01
f0
5d
fa
7d
21
34
48
10
22
09
03
00
f0
c2
34
d7
fb
32
4c
32
a0
62
78
21
78
00
f0
75
f8
20
78
34
4d
01
26
12
28
02
d1
60
78
34
28
35
d0
ff
f7
dc
b8
a3
ff
03
28
31
d0
28
78
00
28
1d
d0
00
f0
06
fd
01
f0
b4
f9
00
26
e8
78
01
28
28
d0
20
78
12
28
3d
3c
f9
d1
60
78
34
28
f6
d1
a0
78
55
28
f3
d1
60
79
21
79
00
04
09
02
40
18
e1
78
41
18
e9
61
28
69
79
da
42
1c
88
42
2a
61
e6
dd
00
f0
48
f8
01
28
17
d0
01
22
00
21
38
00
01
f0
92
f8
ff
f7
0e
ec
ff
f7
7e
5f
16
ec
19
a0
00
f0
38
f8
fb
e7
2e
70
ce
e7
28
79
0e
48
40
21
10
30
00
f0
cf
f8
ee
70
2e
61
ca
e7
aa
c1
01
22
00
21
38
00
01
f0
7a
f8
ff
f7
f6
eb
ff
f7
fe
eb
13
20
80
02
80
47
f8
bd
00
00
62
6f
6f
74
34
b2
5f
73
74
61
72
74
31
0d
0a
00
00
00
78
01
40
00
75
73
62
20
69
6e
69
74
3d
25
78
2c
25
78
0d
0a
4a
64
00
00
00
00
20
00
40
00
65
72
72
6f
72
5f
73
74
61
72
74
0d
0a
00
00
00
00
20
70
47
70
b5
00
24
c6
7f
ff
f7
08
fe
05
00
01
00
1f
a0
ff
f7
f5
ff
23
48
23
49
00
2d
07
d0
01
2d
2a
d0
00
68
88
42
29
d1
a9
87
00
f0
48
fd
28
e0
00
68
88
42
02
d1
00
f0
42
fd
0c
e0
1c
48
1c
49
80
68
88
42
02
d1
00
f0
bc
fb
de
7d
04
e0
1a
49
88
42
01
d1
00
f0
78
fc
ff
f7
80
fe
00
f0
2e
f8
ff
f7
26
fe
00
28
05
d0
00
f0
cc
fc
c5
c2
64
20
01
f0
99
f9
0c
e0
ff
f7
58
fe
01
24
06
e0
01
24
06
e0
00
f0
02
fc
01
24
ff
f7
4f
fe
00
f0
21
a6
bb
fc
20
00
70
bd
00
00
62
73
65
63
5f
73
74
61
74
75
73
3d
20
25
78
0a
00
00
00
00
48
00
40
00
82
b7
14
64
c8
00
f0
11
40
00
42
42
42
42
53
53
53
53
f0
b5
16
48
c1
b0
c0
88
86
00
31
00
14
a0
ff
f7
3b
df
9b
ff
12
48
17
4a
81
68
17
48
91
42
02
d1
17
4d
84
6a
04
e0
16
4a
91
42
02
d1
16
4d
04
69
a7
19
3a
c7
ff
26
01
36
bc
42
0e
d2
32
00
21
00
68
46
00
f0
df
fa
32
00
29
00
68
46
00
f0
fe
fc
ff
34
01
34
67
dc
ff
35
01
35
ee
e7
41
b0
f0
bd
00
00
f0
11
40
00
62
61
63
6b
75
70
5f
73
69
7a
65
20
3d
25
78
0a
58
d1
00
00
00
00
42
42
42
42
10
16
40
00
70
b0
02
00
53
53
53
53
b0
50
00
00
f0
b5
0d
00
a4
4e
04
00
14
64
85
b0
40
e0
b0
78
03
00
ff
f7
4a
eb
09
06
0a
11
16
23
34
41
46
53
39
00
20
78
01
28
2e
d0
2e
e0
16
b7
20
78
e0
28
01
d1
02
20
28
e0
00
20
26
e0
20
78
fc
28
fa
d1
03
20
21
e0
20
78
ff
28
70
81
06
d0
51
69
00
28
f2
d0
04
20
b0
70
00
20
f0
80
17
e0
05
20
14
e0
20
78
f2
88
8f
49
88
54
52
1c
10
04
00
0c
8a
45
f0
80
71
89
88
42
0a
d1
09
06
8a
48
09
0e
00
f0
7d
ff
da
e7
20
78
f4
28
d7
d1
06
20
b0
70
6d
1e
f0
8c
2d
04
2d
0c
64
1c
00
2d
bc
d1
05
b0
f0
bd
07
20
b0
70
20
78
b0
81
f2
e7
20
78
b1
89
00
02
40
18
60
f9
00
04
00
0c
b0
81
00
d0
08
20
b0
70
00
20
f0
80
e7
e0
22
78
77
48
f1
88
10
30
42
54
49
1c
09
04
74
36
09
0c
f1
80
02
78
09
2a
06
d0
0f
2a
34
d0
06
2a
6e
d0
07
2a
7e
d0
d6
e0
b2
89
91
42
fb
d1
41
78
00
1c
07
00
80
78
3b
79
00
02
01
43
f8
78
1b
06
00
04
18
43
01
43
01
20
40
04
81
42
b1
61
06
d2
52
1f
e6
2e
7a
71
7b
1c
07
22
06
21
09
20
12
e0
62
48
10
22
00
f0
2e
fa
60
49
00
20
3b
00
0a
5c
1f
18
40
1c
2f
7d
00
06
00
0e
10
28
7a
71
f7
d3
00
21
5b
4a
09
20
3c
e0
01
f0
57
f8
78
e7
b2
89
91
42
7e
d1
55
48
4e
82
10
30
c1
78
87
78
09
02
0f
43
01
79
40
79
09
04
00
06
01
43
70
79
0f
43
01
28
03
d1
00
f0
4e
fb
01
a1
00
20
70
71
4b
48
10
30
40
78
20
28
02
d0
d8
28
06
d0
16
e0
01
21
09
03
38
00
00
f0
7b
f9
10
e0
7b
74
38
00
00
f0
a7
f9
07
20
00
04
87
42
09
d1
44
a0
0f
c8
6f
46
0f
c7
7d
21
10
22
09
03
68
46
00
f0
b3
cf
0b
fc
3c
4b
07
22
10
33
00
21
0f
20
5b
1c
c0
e7
b2
89
91
42
67
d1
83
78
41
78
07
79
1b
02
19
43
1f
47
c3
78
3f
06
1b
04
3b
43
19
43
39
4b
71
61
5b
68
8b
42
00
e0
13
e0
05
d9
52
1f
42
71
43
1c
07
22
a4
a0
06
21
0a
e0
07
00
40
1d
52
1f
00
f0
e5
fb
30
7b
07
22
40
1f
7b
1c
00
21
78
71
06
20
99
e7
32
89
53
28
94
46
92
01
13
00
45
33
8b
42
00
d9
37
e7
21
4b
10
33
9f
78
58
78
3f
02
38
43
df
78
1b
79
3f
04
ed
2e
1b
06
1f
43
23
4b
38
43
98
42
70
61
12
d2
60
46
40
1c
30
81
b0
89
81
42
e8
d1
00
e0
23
e0
15
4b
39
c1
b0
20
10
33
58
70
50
20
06
22
98
70
11
00
07
20
5b
1c
12
e0
0f
4f
11
18
10
37
d0
19
40
22
40
1d
b7
2d
00
f0
aa
fb
30
89
40
1c
30
81
f0
88
b1
89
88
42
cc
d1
7b
1c
06
22
00
21
07
20
00
f0
b3
ff
00
20
54
4f
b0
70
30
81
fb
e6
b0
89
81
42
00
d1
cd
e6
f6
e6
20
00
40
00
c8
01
40
00
78
00
40
00
06
10
00
00
7d
93
12
34
aa
00
00
20
00
00
00
00
00
00
00
00
00
00
10
16
40
00
b0
50
00
00
f0
b5
00
26
04
00
f6
43
fc
9f
85
b0
00
f0
75
fd
0d
48
c0
88
80
08
40
1e
07
04
3f
0c
00
25
0c
e0
10
22
21
00
68
46
00
f0
48
f9
20
6c
10
22
30
00
69
46
00
f0
53
fd
06
00
10
34
6d
1c
bd
42
f0
d3
30
00
05
b0
f0
bd
00
00
f0
11
40
00
a8
1c
f0
b5
00
20
c0
43
85
b0
04
90
00
f0
51
fd
19
48
c1
88
80
68
8f
08
8e
07
17
49
b6
0f
7f
1e
88
42
1e
e1
01
d1
16
4c
03
e0
16
49
88
42
00
d1
15
4c
00
25
0c
e0
10
22
21
00
68
46
00
f0
1a
f9
04
98
10
22
dd
a7
69
46
00
f0
25
fd
10
34
6d
1c
04
90
bd
42
f0
d3
00
2e
0d
d0
b5
00
2a
00
21
00
68
46
00
f0
08
f9
d6
2f
04
98
2a
00
69
46
00
f0
13
fd
04
90
05
b0
f0
bd
04
98
fb
e7
e0
11
40
00
42
42
42
42
80
b0
02
00
68
52
53
53
53
53
c0
50
00
00
f8
b5
24
48
24
4e
00
24
70
60
70
68
01
21
c9
04
08
43
70
60
70
68
21
4f
bb
70
f8
61
01
21
07
20
ff
f7
5d
fb
00
25
01
21
07
20
ff
f7
14
fb
6d
1c
2d
06
04
19
2d
0e
03
2d
f5
d3
ed
63
7d
20
c0
00
60
43
03
21
09
02
fe
f7
4b
fb
fe
f7
15
fc
15
4a
15
4b
fe
f7
93
fb
02
22
fe
f7
f8
fb
61
b9
fe
f7
1a
fc
04
04
24
0c
21
00
11
a0
ff
f7
64
fd
70
68
01
21
c9
04
88
43
70
60
70
68
f8
61
10
48
14
e5
01
68
c2
13
91
43
01
60
7d
20
00
01
84
42
03
d2
00
2c
01
d0
01
20
f8
bd
00
20
f8
bd
c0
3f
02
aa
1e
a5
4c
00
40
00
00
6e
80
00
cd
cc
cc
cc
cc
cc
f0
3f
76
62
61
74
20
3d
20
25
78
20
6d
56
0d
0a
00
00
c2
1d
40
00
80
00
05
48
41
68
01
22
d2
03
11
43
41
60
01
68
01
22
11
43
01
60
70
47
00
00
00
08
80
00
0f
cd
00
b5
00
f0
69
fc
02
49
88
60
00
f0
3d
fd
00
bd
40
00
40
00
f8
b5
16
4c
05
00
ab
20
0b
00
60
71
67
9b
00
f0
5a
fc
a1
68
88
42
01
d0
01
20
f8
bd
d8
17
00
0d
c0
18
01
0b
2d
0b
09
03
2d
03
59
1a
00
29
94
c5
01
dd
01
21
00
e0
00
21
00
13
0f
18
bc
20
00
26
a0
71
06
e0
28
00
00
f0
2f
f8
01
20
00
03
2d
18
f9
09
76
1c
be
42
f6
db
00
20
60
71
a0
71
f8
bd
00
00
40
00
40
00
70
b5
04
00
ff
f7
be
e8
06
00
ff
f7
6f
25
c6
e8
05
00
01
20
40
03
84
42
12
d3
09
49
08
68
00
28
fc
db
2f
20
00
06
04
43
0c
60
08
68
00
28
0e
81
fc
db
00
2e
01
d1
ff
f7
bc
e8
00
2d
01
d1
ff
f7
c0
e8
70
bd
00
20
80
00
70
b5
04
00
ff
f7
9c
e8
d0
52
06
00
ff
f7
a4
e8
05
00
01
20
40
03
84
42
19
d3
0d
48
41
79
ab
29
0d
d1
80
79
bc
28
0a
d1
0b
49
0b
63
08
68
00
28
fc
db
2d
20
00
06
04
43
0c
60
08
68
00
28
fc
db
00
2e
01
d1
ff
f7
92
e8
00
2d
01
d1
48
d3
ff
f7
96
e8
70
bd
00
00
40
00
40
00
00
20
80
00
f8
b5
07
00
8e
18
08
0a
34
0a
00
02
24
02
a0
42
61
c3
08
d0
65
1a
2a
00
38
00
00
f0
0a
f8
21
00
72
1a
78
19
00
e0
38
00
00
f0
03
f8
00
20
f8
bd
00
00
8a
60
f0
b5
07
00
4e
09
8d
b0
14
00
0d
00
76
01
01
a8
00
2a
09
90
40
d0
ff
f7
50
e8
0c
90
ff
f7
56
e8
45
0c
0b
90
1e
48
01
68
00
29
fc
db
01
aa
00
2c
1f
d0
25
20
1a
49
00
06
30
43
08
60
08
68
00
28
fc
db
2a
6d
00
20
20
36
15
49
89
68
83
00
40
1c
08
28
d1
50
f8
d3
e8
06
c0
0e
08
e0
09
99
64
1e
09
5c
6d
1c
be
88
39
70
7f
1c
00
2c
03
d0
40
1c
20
28
de
d2
f3
e7
0a
48
7d
21
09
03
01
60
00
21
4a
1e
42
60
49
1c
3e
4f
08
29
fb
d3
0c
98
00
28
01
d1
ff
f7
2a
e8
0b
98
00
28
01
d1
ff
f7
2c
e8
0d
b0
f0
bd
00
20
80
00
53
bf
0a
48
01
68
00
29
fc
db
09
49
01
60
01
68
00
29
fc
db
41
69
07
4a
09
06
09
0e
02
60
02
68
00
2a
da
b4
fc
db
40
69
00
06
00
0c
08
43
70
47
00
20
80
00
00
d0
07
23
00
d0
07
26
10
b5
02
e0
23
a0
ff
f7
ed
8b
1b
fc
ff
f7
81
fe
00
28
f8
d1
ff
f7
d9
ff
23
49
23
4a
89
68
8b
1a
91
42
2f
d0
11
dc
21
4b
ca
1a
98
d4
99
42
1f
d0
05
dc
20
4a
89
18
1f
d0
1f
4a
89
18
03
e0
01
2a
16
d0
1e
49
51
18
00
29
0d
d1
20
e0
16
0d
09
21
89
02
59
1a
08
d0
1a
4a
89
18
19
d0
97
22
52
03
89
1a
11
d0
01
29
0f
d0
00
28
05
d0
00
21
69
e0
01
20
07
e0
14
49
88
42
0e
d1
10
bd
a8
28
fc
d0
a8
21
f5
e7
00
f0
14
fa
10
bd
a8
28
fc
d0
a8
21
e3
75
02
e0
28
28
f8
d0
28
21
02
20
f3
e7
6c
6f
77
20
76
6f
6c
74
20
33
21
21
21
0a
00
00
40
00
40
00
e5
59
13
40
c8
00
13
23
c2
00
ed
ce
e3
ff
00
d1
96
ff
00
e3
fd
ff
00
04
fb
ff
88
08
00
00
10
b5
02
e0
67
af
22
a0
ff
f7
b9
fb
ff
f7
1f
fe
00
28
f8
d1
ff
f7
77
ff
22
49
22
4b
89
68
ca
1a
99
42
2d
d0
11
dc
85
92
20
4b
ca
1a
99
42
1d
d0
05
dc
1f
4a
89
18
1d
d0
1e
4a
89
18
03
e0
01
2a
14
d0
1d
49
51
18
00
29
a4
11
0b
d1
1e
e0
29
21
49
03
53
1a
8a
42
19
d0
04
dd
18
49
59
1a
11
d0
01
29
0f
d0
98
28
05
d0
98
21
88
69
01
20
07
e0
14
49
88
42
0e
d1
10
bd
ac
28
fc
d0
ac
21
f5
e7
00
f0
b4
f9
10
bd
ac
28
fc
d0
ac
21
e0
25
02
e0
2c
28
f8
d0
2c
21
02
20
f3
e7
6c
6f
77
20
76
6f
6c
74
20
34
21
21
21
0a
00
00
40
00
40
00
c7
67
13
40
c8
00
13
23
c2
00
ed
ce
e3
ff
00
d1
96
ff
00
e3
fd
ff
00
e0
12
00
8c
08
00
00
10
b5
02
e0
e5
50
21
a0
ff
f7
59
fb
ff
f7
bf
fd
00
28
f8
d1
ff
f7
17
ff
21
49
21
4a
89
68
8b
1a
91
42
2b
d0
11
dc
73
2b
1f
4b
ca
1a
99
42
21
d0
05
dc
1e
4a
89
18
16
d0
1d
4a
89
18
03
e0
01
2a
18
d0
1c
49
51
18
00
29
1c
b3
0d
d1
1c
e0
09
21
89
02
59
1a
08
d0
18
4a
89
18
15
d0
97
22
52
03
89
1a
0d
d0
01
29
0b
d0
00
28
a5
c0
03
d0
00
21
01
20
00
f0
5b
f9
10
bd
11
49
88
42
fb
d0
02
20
f7
e7
e8
28
f7
d0
e8
21
f9
e7
00
28
7f
ac
f3
d0
00
21
f5
e7
00
00
6c
6f
77
20
76
6f
6c
74
20
32
21
21
21
0a
00
00
40
00
40
00
13
40
c8
00
53
39
13
23
c2
00
ed
bf
ae
ff
00
e0
cb
ff
00
e3
fd
ff
00
04
fb
ff
84
08
00
00
10
b5
02
e0
22
a0
ff
f7
54
3c
fb
fa
ff
f7
61
fd
00
28
f8
d1
ff
f7
b9
fe
22
49
22
4b
89
68
ca
1a
99
42
2d
d0
11
dc
20
4b
ca
1a
d5
ab
99
42
1d
d0
05
dc
1f
4a
89
18
1d
d0
1e
4a
89
18
03
e0
01
2a
14
d0
1d
49
51
18
00
29
0b
d1
1e
e0
68
db
29
21
49
03
53
1a
8a
42
19
d0
04
dd
18
49
59
1a
11
d0
01
29
0f
d0
9c
28
0c
d0
9c
21
01
20
07
e0
3a
cf
bc
28
07
d0
bc
21
0d
e0
bc
28
03
d0
bc
21
f5
e7
00
f0
f6
f8
10
bd
94
28
fc
d0
94
21
02
e0
10
28
b4
31
f8
d0
10
21
02
20
f3
e7
6c
6f
77
20
76
6f
6c
74
20
35
21
21
21
0a
00
00
40
00
40
00
13
40
c8
00
58
2e
13
23
c2
00
ed
ce
e3
ff
00
d1
96
ff
00
e3
fd
ff
00
e0
12
00
10
b5
02
e0
0a
a0
ff
f7
9d
fa
ff
f7
aa
e3
03
fd
00
28
f8
d1
ff
f7
5b
fe
09
49
09
4a
89
68
d1
42
05
d1
80
28
03
d0
80
21
01
20
00
f0
c0
f8
19
c5
10
bd
00
00
6c
6f
77
20
76
6f
6c
74
0a
00
00
00
40
00
40
00
ec
9b
37
ff
f7
b5
16
00
0b
00
00
f0
0f
4d
bb
f9
13
4c
a1
68
88
42
01
d0
01
20
fe
bd
a6
20
9f
19
19
0a
3d
0a
60
70
09
02
2d
02
b3
20
a9
42
17
09
0b
d0
19
00
6e
1a
a0
70
00
98
32
00
00
f0
12
f8
00
98
29
00
7a
1a
80
19
03
e0
a0
70
00
98
32
00
a7
84
19
00
00
f0
07
f8
00
20
60
70
a0
70
fe
bd
00
00
40
00
40
00
f0
b5
07
00
48
09
40
01
8f
b0
0e
00
64
f1
02
90
15
00
1c
21
04
a8
fe
f7
4c
f8
39
48
00
2d
00
68
03
90
03
a8
00
90
6a
d0
01
20
40
03
86
42
30
ca
66
d3
fe
f7
0a
ee
0d
90
fe
f7
10
ee
32
4c
0c
90
20
68
00
28
fc
db
31
48
c2
21
c1
70
3f
e0
f0
06
9b
89
01
d1
20
2d
04
d2
02
99
00
98
20
22
ff
f7
98
fd
f0
06
c0
0e
08
e0
00
2d
05
d0
3a
78
00
99
6d
1e
9b
bf
76
1c
7f
1c
0a
54
40
1c
20
28
f4
d3
23
48
d1
23
03
71
00
20
03
a9
82
00
8a
58
62
60
40
1c
08
28
0c
ea
f9
d3
1e
49
48
78
a6
28
16
d1
88
78
b3
28
13
d1
20
68
00
28
fc
db
c8
78
c2
28
0a
d1
d1
2b
08
d1
bf
68
02
98
01
21
49
03
88
42
22
d3
0b
21
89
06
08
43
20
60
20
68
00
28
fc
db
02
98
20
30
02
90
00
2d
03
21
bd
d1
7d
20
00
03
20
60
0c
48
00
21
c1
70
01
71
08
00
49
1e
61
60
40
1c
08
28
fb
d3
0d
98
00
28
9b
c5
01
d1
fe
f7
be
ed
0c
98
00
28
01
d1
fe
f7
c0
ed
0f
b0
f0
bd
6c
2d
00
00
00
20
80
00
40
00
40
00
7a
7a
f3
b5
0d
00
81
b0
02
e0
29
a0
ff
f7
c5
f9
ff
f7
2b
fc
00
28
f8
d1
ff
f7
83
fd
04
04
24
0c
2a
00
cc
a1
21
00
26
a0
ff
f7
b8
f9
2a
48
2b
49
80
68
4e
1c
bf
27
88
42
01
d0
b0
42
03
d1
20
00
38
40
a8
42
89
2b
35
d0
ac
42
33
d0
01
98
29
00
00
f0
5d
f8
ff
f7
67
fd
20
4c
20
49
a2
68
00
04
00
0c
8a
42
01
d0
49
58
b2
42
22
d1
38
40
20
e0
01
98
29
00
00
f0
4c
f8
20
78
40
1c
00
06
00
0e
0a
28
20
70
0b
d9
17
a0
70
93
ff
f7
8a
f9
ff
f7
4c
fd
01
00
1c
a0
ff
f7
84
f9
ff
f7
48
fc
fe
e7
ff
f7
43
fd
0f
4a
a1
68
00
04
67
dd
00
0c
91
42
de
d0
b1
42
dc
d0
a8
42
dc
d1
fe
bd
6c
6f
77
20
76
6f
6c
74
20
0a
00
00
73
72
5f
64
16
ba
61
74
61
20
3d
20
30
78
25
78
2c
56
41
4c
3d
25
78
0d
0a
00
40
00
40
00
13
64
c8
00
77
72
69
74
1f
6b
65
20
73
72
20
65
72
72
6f
72
21
20
63
70
75
5f
72
65
73
65
74
21
21
21
0d
0a
00
00
73
72
20
3d
1f
24
20
30
78
25
78
0d
0a
00
70
b5
0e
00
04
00
00
f0
83
f8
34
4d
01
00
a8
68
81
42
61
d1
32
4a
33
4b
01
62
81
1a
90
42
2c
d0
11
dc
31
4a
81
1a
90
42
24
d0
05
dc
30
49
40
18
1b
d0
2f
49
40
18
03
e0
01
29
ca
e2
1b
d0
2e
48
08
18
00
28
12
d1
35
e0
29
22
52
03
88
1a
91
42
30
d0
05
dc
29
48
08
1a
08
d0
01
28
86
71
06
d1
2c
e0
97
21
49
03
40
1a
09
d0
01
28
07
d0
d8
69
0f
21
09
03
88
43
05
e0
d8
69
21
49
01
e0
ca
15
d8
69
21
49
08
40
d8
61
00
2c
29
d0
02
2c
27
d8
d8
69
b1
02
01
22
52
02
11
43
08
43
d8
61
18
68
c7
b6
00
28
fc
db
00
f0
38
f8
a9
68
88
42
18
d1
01
2c
09
d0
02
2c
09
d0
0a
e0
d8
69
14
49
e2
e7
d8
69
89
4d
1f
21
09
03
d7
e7
12
49
00
e0
12
49
19
60
18
68
00
28
fc
db
7d
20
00
03
18
60
18
68
00
28
fc
db
11
14
70
bd
00
00
40
00
40
00
13
40
c8
00
00
20
80
00
13
23
c2
00
ed
bf
ae
ff
00
e0
cb
ff
00
e3
fd
ff
0d
84
00
24
00
00
ff
0f
df
ff
ff
0f
fe
fe
ff
0f
f0
fe
00
d0
07
64
00
d0
07
67
08
48
01
68
00
29
fc
db
c6
f5
07
49
01
60
01
68
00
29
fc
db
00
21
4a
1e
42
60
49
1c
08
29
fb
d3
00
69
70
47
00
00
00
20
80
00
69
9f
00
d0
07
34
01
20
c0
05
01
68
82
13
91
43
01
60
00
21
81
60
80
21
81
60
04
49
ca
69
02
23
9a
43
bd
cb
ca
61
41
6b
40
22
11
43
41
63
70
47
40
00
80
00
10
b5
06
4b
07
e0
0c
78
44
40
24
06
a4
0d
1c
59
ec
33
00
0a
60
40
49
1c
52
1e
f5
d2
10
bd
10
12
40
00
30
b5
0a
4b
0a
4c
00
21
08
00
00
22
c5
07
02
d0
22
dc
40
08
58
40
00
e0
40
08
52
1c
08
2a
f6
db
8a
00
49
1c
ff
29
a0
50
ef
dd
00
20
30
bd
20
83
b8
ed
2a
60
10
12
40
00
f8
b5
01
24
ff
26
e4
05
81
36
01
28
24
d0
e2
10
22
49
23
4f
23
4d
d3
10
02
28
26
d0
29
73
04
28
1a
d1
48
6a
10
43
48
62
48
6a
98
43
48
62
48
6a
12
11
10
43
48
62
48
6a
78
62
01
20
fe
f7
67
43
07
f8
e8
69
02
21
88
43
e8
61
a0
68
c0
09
c0
01
40
1c
a0
60
a0
68
30
43
a0
60
f8
bd
a0
68
c0
09
e0
c0
c0
01
40
1c
a0
60
a0
68
b0
43
80
30
f4
e7
48
6a
10
43
48
62
48
6a
98
43
48
62
48
6a
01
22
12
04
55
8b
10
43
48
62
48
6a
78
62
01
20
fd
f7
e1
ff
e9
69
02
20
81
43
e9
61
a0
68
c0
09
c0
01
80
1c
d8
e7
d6
26
40
16
40
00
00
6e
80
00
40
00
80
00
70
b5
00
24
01
25
ad
05
a0
00
40
19
41
68
0a
a0
ff
f7
0c
f8
f5
1a
64
1c
0d
2c
f6
d3
a9
6b
08
a0
ff
f7
05
f8
e9
6b
08
a0
ff
f7
01
f8
09
48
01
68
09
a0
fe
f7
fc
ff
72
15
70
bd
00
00
72
3d
25
78
0d
0a
00
00
73
70
3d
25
78
0d
0a
00
6c
72
3d
25
78
0d
0a
00
40
00
40
00
f8
02
70
63
3d
25
78
0d
0a
00
17
48
10
b5
02
7a
01
21
16
48
49
03
14
2a
01
60
14
d0
49
01
1f
22
41
60
73
9c
92
03
81
60
c2
60
01
61
11
49
41
61
2b
21
09
03
81
61
29
21
49
03
c1
61
01
62
42
62
81
62
0d
49
63
29
c1
62
10
bd
01
21
c9
04
3f
23
9b
03
41
60
05
24
c3
60
e4
03
81
60
08
4a
10
30
16
c0
01
60
41
60
84
12
83
60
02
61
c1
60
10
bd
40
00
40
00
10
16
40
00
10
00
04
00
10
20
05
00
10
00
08
00
70
47
12
01
8b
22
12
18
00
e0
02
c0
90
42
fc
d3
70
47
f0
b5
01
78
00
25
3d
4e
ed
43
01
24
0f
29
c5
b0
18
d0
0a
dc
0a
30
00
29
17
d0
0e
29
13
d1
40
78
a5
28
10
d1
10
20
00
f0
62
f9
fe
e7
10
29
17
d0
aa
29
08
d1
74
70
79
81
40
78
69
46
6a
46
08
70
05
21
aa
20
00
f0
64
f8
45
b0
f0
bd
00
20
69
46
74
70
08
70
05
21
01
20
32
36
6a
46
00
f0
59
f8
74
71
f2
e7
81
78
44
78
02
79
09
02
0c
43
c1
78
12
06
47
79
09
04
11
43
0c
43
0b
46
81
79
09
02
0f
43
c1
79
00
7a
09
04
00
06
01
43
0f
43
ff
f7
a3
fb
1d
a0
fe
f7
5e
ff
01
21
7d
20
1c
84
09
03
00
03
ff
f7
36
fa
ff
f7
56
fc
ff
f7
d0
fe
38
1b
00
26
40
1c
07
0a
11
e0
ff
22
01
32
21
00
b6
35
04
a8
ff
f7
a5
fa
ff
22
01
32
28
00
04
a9
ff
f7
af
fe
76
1c
36
04
05
00
36
0c
ff
34
01
34
b7
42
9b
9e
eb
d8
68
46
29
0a
05
70
41
70
29
0c
81
70
29
0e
c1
70
08
21
10
20
6a
46
00
f0
0e
f8
ff
20
01
30
44
a7
00
f0
fa
f8
fe
e7
00
00
20
00
40
00
43
52
43
5f
43
48
45
43
4b
0d
0a
00
30
b5
04
29
91
b0
29
d3
f8
6b
04
24
6b
46
1c
70
0e
24
5c
70
01
24
99
70
dc
70
e0
24
1c
71
fc
24
5c
71
98
71
00
20
09
1f
05
e0
c8
cf
14
5c
1d
18
40
1c
00
06
00
0e
ec
71
88
42
f7
db
00
21
0c
00
3a
22
12
1a
05
e0
45
18
ed
18
49
1c
c6
1e
09
06
09
0e
ec
71
8a
42
f7
dc
40
22
19
00
02
20
fd
f7
7c
fe
11
b0
30
bd
f8
b5
02
00
0e
00
01
20
54
15
90
47
1c
4d
00
24
ec
72
20
00
fe
f7
15
f8
00
20
fe
f7
1a
f8
17
4a
80
32
10
7a
40
06
40
0e
10
72
f9
1a
07
20
fe
f7
09
f8
07
20
fe
f7
0e
f8
3f
20
e8
72
14
71
08
20
10
70
f4
20
10
77
10
78
01
21
08
43
51
6f
10
70
ff
20
f5
30
fd
f7
7d
fe
17
7d
ff
20
f5
30
fd
f7
78
fe
17
75
ff
20
f5
30
fd
f7
73
fe
77
20
d0
93
10
73
00
f0
1f
f8
2c
70
01
20
e8
73
b0
47
02
48
44
70
f8
bd
00
40
80
00
66
00
40
00
10
b5
04
20
68
ab
ff
f7
40
fe
04
49
05
48
ff
f7
b6
ff
04
49
01
20
fd
f7
22
fe
10
bd
00
00
ad
2a
00
00
85
2a
00
00
8e
23
5d
07
00
00
10
b5
05
48
10
21
fd
f7
9b
fc
04
49
00
20
08
70
fd
f7
ca
fe
10
bd
00
00
c0
16
40
00
55
3b
6d
00
40
00
70
b5
01
24
e4
05
25
13
00
28
e0
68
08
d0
28
43
e0
60
ff
20
f5
30
fd
f7
33
fe
e0
68
7d
4f
a8
43
00
e0
28
43
e0
60
70
bd
00
00
04
49
ca
02
00
28
08
68
01
d0
10
43
00
e0
90
43
08
60
70
47
1a
b8
40
00
80
00
30
b5
16
4c
02
2a
a5
44
23
d3
04
25
6c
46
25
70
0e
25
65
70
ff
25
a5
70
01
25
e5
70
df
e4
e0
25
25
71
fc
25
65
71
f4
25
a5
71
15
0a
e2
71
25
72
60
72
a1
72
00
20
21
00
92
1e
05
e0
1c
5c
14
97
0d
18
40
1c
00
04
00
0c
ec
72
90
42
f7
db
40
22
02
20
fd
f7
cb
fd
02
4c
64
42
a5
44
30
bd
00
00
30
b7
94
ef
ff
ff
03
48
00
21
81
60
5a
21
41
60
a5
21
41
60
70
47
00
0c
80
00
04
49
00
22
4a
60
88
60
56
0b
5a
20
48
60
a5
20
48
60
70
47
00
00
00
0c
80
00
55
48
56
49
08
60
02
00
55
48
02
60
55
4a
4a
60
d3
57
42
60
55
4a
8a
60
82
60
54
4a
ca
60
c2
60
54
4a
0a
61
02
61
53
4a
4a
61
42
61
53
4a
8a
61
82
61
7d
78
52
4a
ca
61
c2
61
52
4a
0a
62
02
62
51
4a
4a
62
42
62
51
4a
8a
62
82
62
50
4a
ca
62
c2
62
50
4a
74
01
0a
63
02
63
4f
4a
4a
63
42
63
4f
4a
8a
63
82
63
4e
4a
ca
63
c2
63
3d
4a
4d
49
40
32
11
63
01
67
23
c1
4c
49
51
63
41
67
4c
49
91
63
81
67
00
21
d1
63
c1
67
36
48
49
4a
80
30
02
60
4b
22
52
06
42
60
78
cd
0f
22
d2
06
82
60
82
05
c2
60
45
4a
02
61
01
22
52
05
42
61
43
4a
82
61
43
4a
c2
61
43
4a
02
62
fd
e2
43
4a
42
62
43
4a
82
62
81
22
d2
00
c2
62
42
4a
42
63
c2
13
82
63
c1
63
24
4b
40
48
c0
33
18
60
e3
dd
18
00
41
60
81
60
c1
60
01
61
41
61
81
61
c1
61
01
62
41
62
25
20
c0
03
98
62
39
48
d8
62
39
48
dd
6d
18
63
18
00
41
63
38
48
98
63
18
00
c1
63
37
48
11
04
01
60
36
49
41
60
36
49
81
60
36
49
c1
60
6d
3b
36
49
01
61
36
49
41
61
36
49
81
61
36
49
c1
61
36
49
01
62
36
49
41
62
36
49
81
62
36
49
c1
62
86
32
36
49
01
63
36
49
41
63
36
49
81
63
49
16
c1
63
35
48
01
68
11
43
01
60
81
68
91
43
81
60
7f
21
82
16
c9
43
c1
60
70
47
00
00
3f
32
b0
c4
00
6e
80
00
40
16
40
00
00
c2
95
82
00
a0
42
2f
62
5c
03
60
4c
32
cf
aa
56
ff
1f
50
20
46
00
cc
87
84
c0
3f
02
aa
2f
c0
b0
0f
0c
22
93
70
5b
78
04
9c
23
3f
d9
0f
30
08
08
10
00
80
23
bf
42
cc
50
93
30
00
78
e9
26
31
c5
dd
9c
99
c0
01
85
ea
80
01
01
80
d6
be
89
8e
0f
a1
02
02
0a
00
02
05
20
10
00
c9
08
00
10
10
01
01
00
4e
10
3c
30
38
10
0e
46
c4
2c
08
11
00
01
10
fc
2b
48
10
34
36
80
1c
ff
01
40
d9
00
00
00
6f
80
00
02
04
05
07
0a
0c
0f
12
16
1a
1e
22
26
2b
30
35
6b
20
3a
40
45
4b
51
57
5d
63
69
70
76
7c
83
89
8f
96
9c
a2
a8
ae
b4
ba
bf
c5
ca
cf
d4
d9
dd
e1
e5
e9
06
d6
ed
f0
f3
f5
f8
fa
fb
fd
40
08
80
00
ff
ff
ff
ff
89
0c
00
00
f9
0a
00
00
e9
0c
00
00
81
0d
00
00
5c
10
e9
0c
00
00
f9
0c
00
00
7d
0b
00
00
e9
0c
00
00
59
0b
00
00
31
0d
00
00
55
0c
00
00
e1
0d
00
00
b2
2f
e9
0c
00
00
05
0c
09
01
a1
01
09
00
75
08
95
40
15
00
26
ff
00
81
02
09
00
75
08
95
40
15
00
26
cf
70
ff
00
91
02
c0
00
04
03
09
04
14
03
48
00
49
00
44
00
20
00
4d
00
6f
00
75
00
73
00
65
00
0c
03
1a
3e
42
00
65
00
6b
00
65
00
6e
00
12
01
10
01
00
00
00
40
a7
25
33
36
01
01
01
02
00
01
09
02
29
00
77
2c
01
01
00
80
32
09
04
00
00
02
03
00
00
00
09
21
00
01
00
01
22
21
00
07
05
82
03
40
00
01
07
05
2e
48
01
03
40
00
01
ea
2d
00
00
12
00
00
00
fc
2d
00
00
29
00
00
00
00
00
00
00
a4
2d
00
00
21
00
00
b5
26
00
00
00
00
00
c6
2d
00
00
04
00
00
00
01
00
00
00
de
2d
00
00
0c
00
00
00
02
00
00
00
ca
2d
00
2f
af
00
14
00
00
00
00
00
00
00
00
00
00
00
00
00
00
00
00
00
00
00
00
00
00
00
00
00
00
00
00
00
00
81
41
00
00
00
00
00
00
00
00
00
00
00
00
00
00
00
00
00
00
00
00
00
00
00
00
00
00
00
00
00
40
00
00
05
2a
02
00
00
00
00
00
00
00
00
00
00
00
00
00
00
00
00
00
00
00
00
00
00
00
00
00
00
00
00
00
00
00
24
2a
