Build target 'Target1'
assembling handlers.s...
assembling vectors.s...
compiling main.c...
compiling intc.c...
compiling app.c...
compiling aes.c...
compiling flash.c...
compiling rf_xvr_24.c...
..\..\..\Src\driver\rf\rf_xvr_24.c(322): warning:  #61-D: integer operation result is out of range      addXVR_Reg0x24 |= (1<<31);
..\..\..\Src\driver\rf\rf_xvr_24.c(322): warning:  #68-D: integer conversion resulted in a change of sign      addXVR_Reg0x24 |= (1<<31);
..\..\..\Src\driver\rf\rf_xvr_24.c(384): warning:  #61-D: integer operation result is out of range      addXVR_Reg0x24 &= ~(1<<31);
..\..\..\Src\driver\rf\rf_xvr_24.c: 3 warnings, 0 errors
compiling gpio.c...
compiling spi.c...
compiling icu.c...
compiling wdt.c...
compiling adc.c...
compiling uart2.c...
compiling uart.c...
compiling aon_rtc.c...
compiling i2c.c...
compiling dma.c...
compiling driver_timer.c...
compiling driver_sensor.c...
compiling application_main.c...
compiling APPLICATION_MODE_NORMAL.c...
compiling application_mode_page.c...
compiling application_mode_PCBA.c...
compiling APPLICATION_MODE_TEST.C...
compiling application_rf.c...
compiling driver_rf.c...
compiling driver_usb.c...
..\..\..\src\driver\usb_driver\driver_usb.c(350): warning:  #47-D: incompatible redefinition of macro "TEST_PIN2" (declared at line 49 of ".\app\api\app.h")  #define TEST_PIN2               0x03
..\..\..\src\driver\usb_driver\driver_usb.c: 1 warning, 0 errors
compiling usb.c...
compiling usb_desc.c...
..\..\..\src\driver\usb_driver\usb\usb_desc.c(66): warning:  #68-D: integer conversion resulted in a change of sign      HidLogiMin8(-127),                      //0x15, 0x81,   LOGICAL MINIMUM (-127)
..\..\..\src\driver\usb_driver\usb\usb_desc.c: 1 warning, 0 errors
compiling usbclass.c...
linking...
Program Size: Code=27632 RO-data=664 RW-data=368 ZI-data=37132  
After Build - User command #1: fromelf --bin --output .\output\app\bk3633_app.bin .\obj\bk3633_app.axf
After Build - User command #2: .\output\translate.bat

E:\work\BK3633\code\internal\BK3633_BLE\SDK\projects\app_2.4g\app_usb_2.4g>.\output\BinConvert  -oad .\output\boot\bk3633_boot.bin  .\output\stack\bk3633_stack.bin  .\output\app\bk3633_app.bin -m 0x7800 -l 0x7900 -v 0x0026 -rom_v 0x0014 -e 00000000 00000000 00000000 00000000 
cmd_bin_oad.stack_file_addr :0x7800
binary version hex:0x26; dec:38

Arm Image Binary will be converted to OAD format binary file.....
cmd_bin_oad.stack_file_addr=7800
boot_bin_len=2fcc
add stack bin start
        Encrypt Seccessfully!
        File Size: 0xf818

oad_stack_app_bin_len=7900
oad_app_bin_len=77f0
b7 d8 10 7e 26 00 fc 1d 42 42 42 42 ff ff 14 00 /**< @CREATE_FILE_SUCCESS */
/**< @Download flash file:.\output\app\bk3633_app_merge_crc.bin
/**< @OAD file :.\output\app\bk3633_app_stack_oad.bin,CRC = 0xa9ce9dd7
/**< @OAD file :.\output\app\bk3633_app_oad.bin,CRC = 0x7e10d8b7
/**< @author <gang.cheng@bekencorp.com> */
/**< @version v0.3 */

E:\work\BK3633\code\internal\BK3633_BLE\SDK\projects\app_2.4g\app_usb_2.4g>del .\output\app\bk3633_app_merge_boot_stack.out 

E:\work\BK3633\code\internal\BK3633_BLE\SDK\projects\app_2.4g\app_usb_2.4g>del .\output\app\bk3633_app_stack_oad.bin 
".\obj\bk3633_app.axf" - 0 Error(s), 5 Warning(s).
