Build target 'Target1'
assembling boot_handlers.s...
assembling boot_vectors.s...
compiling main.c...
compiling app.c...
compiling app_sec.c...
compiling app_task.c...
app\src\app_task.c(1413): warning:  #177-D: function "app_gattc_event_ind_handler" was declared but never referenced  static int app_gattc_event_ind_handler(ke_msg_id_t const msgid,
app\src\app_task.c(1430): warning:  #177-D: function "app_gattc_event_req_ind_handler" was declared but never referenced  static int app_gattc_event_req_ind_handler(ke_msg_id_t const msgid,
app\src\app_task.c: 2 warnings, 0 errors
compiling app_adv.c...
compiling app_scan.c...
compiling app_init.c...
compiling app_mesh_adv.c...
compiling mesh_sec.c...
compiling rwbt.c...
compiling rwble.c...
compiling rwip.c...
compiling nvds.c...
compiling prf_utils.c...
compiling prf.c...
compiling flash.c...
compiling rf_xvr.c...
compiling gpio.c...
compiling spi.c...
compiling icu.c...
compiling wdt.c...
compiling adc.c...
compiling uart2.c...
compiling uart.c...
compiling aon_rtc.c...
compiling intc.c...
compiling i2c.c...
compiling dma.c...
compiling pwm.c...
compiling timer0.c...
compiling diss.c...
compiling diss_task.c...
compiling fee0s.c...
compiling fee0s_task.c...
compiling bass.c...
compiling bass_task.c...
compiling fcc0s.c...
compiling fcc0s_task.c...
compiling oads.c...
compiling oads_task.c...
compiling sdp_service_task.c...
..\..\src\profiles\sdp\src\sdp_service_task.c(483): warning:  #223-D: function "decode_vocie_data" declared implicitly          decode_vocie_data(param->value,param->length);
..\..\src\profiles\sdp\src\sdp_service_task.c: 1 warning, 0 errors
compiling sdp_service.c...
compiling driver_usb.c...
compiling usb.c...
compiling usb_desc.c...
..\..\src\driver\usb_driver\usb\usb_desc.c(66): warning:  #68-D: integer conversion resulted in a change of sign      HidLogiMin8(-127),                      //0x15, 0x81,   LOGICAL MINIMUM (-127)
..\..\src\driver\usb_driver\usb\usb_desc.c: 1 warning, 0 errors
compiling usbclass.c...
compiling sbc_common.c...
compiling sbc_decoder.c...
linking...
..\..\src\system\all_roles_app_link.txt(61): warning: L6314W: No section matches pattern *(ke_heap).Program Size: Code=42384 RO-data=4064 RW-data=256 ZI-data=34240  
Finished: 0 information, 1 warning and 0 error messages.
After Build - User command #1: fromelf --bin --output .\output\app\bk3633_app.bin .\obj\bk3633_app.axf
After Build - User command #2: .\output\translate.bat

E:\work\BK3633\code\internal\BK3633_BLE\SDK\projects\app_gatt_central>.\output\BinConvert  -oad .\output\boot\bk3633_boot.bin  .\output\stack\bk3633_stack.bin  .\output\app\bk3633_app.bin -m 0x4c00 -l 0x29700 -v 0x00029 -rom_v 0x0017 -e 00000000 00000000 00000000 00000000 
cmd_bin_oad.stack_file_addr :0x4c00
binary version hex:0x29; dec:41

Arm Image Binary will be converted to OAD format binary file.....
cmd_bin_oad.stack_file_addr=4c00
boot_bin_len=2ef0
add stack bin start
        Encrypt Seccessfully!
        File Size: 0x382e0

oad_stack_app_bin_len=33300
oad_app_bin_len=c350
75 b2 dd 0b 29 00 d4 30 42 42 42 42 ff ff 17 00 /**< @CREATE_FILE_SUCCESS */
/**< @Download flash file:.\output\app\bk3633_app_merge_crc.bin
/**< @OAD file :.\output\app\bk3633_app_stack_oad.bin,CRC = 0x087ca567
/**< @OAD file :.\output\app\bk3633_app_oad.bin,CRC = 0x0bddb275
/**< @author <gang.cheng@bekencorp.com> */
/**< @version v0.3 */
".\obj\bk3633_app.axf" - 0 Error(s), 5 Warning(s).
