Build target 'Target1'
assembling boot_vectors.s...
assembling boot_handlers.s...
compiling main.c...
compiling intc.c...
compiling rwbt.c...
compiling rwble.c...
compiling rwip.c...
compiling flash.c...
compiling rf_xvr.c...
compiling gpio.c...
compiling spi.c...
compiling icu.c...
compiling wdt.c...
compiling adc.c...
compiling uart2.c...
compiling uart.c...
compiling aon_rtc.c...
compiling dma.c...
linking...
Program Size: Code=122920 RO-data=7544 RW-data=892 ZI-data=14408  
FromELF: creating hex file...
After Build - User command #1: .\output\translate.bat

E:\work\BK3633\code\internal\BK3633_BLE\SDK\projects\app_controller>C:\Keil_v5\ARM\ARMCC\bin\fromelf .\obj\bk3633.axf --output .\output\bk3633.bin --bin 
系统找不到指定的路径。

E:\work\BK3633\code\internal\BK3633_BLE\SDK\projects\app_controller>.\output\encrypt.exe .\output\bk3633.bin 00000000 
/**< @author <luoyao@bekencorp.com> */
/**< @version v0.2 */
 Encrypt Seccessfully!
 -FileSize: 0x22132
".\obj\bk3633.axf" - 0 Error(s), 0 Warning(s).
